This file contains any messages produced by compilers while
running configure, to aid debugging if configure makes a mistake.

It was created by Xpad configure 5.7, which was
generated by GNU Autoconf 2.71.  Invocation command line was

  $ ./configure

## --------- ##
## Platform. ##
## --------- ##

hostname = Classified
uname -m = x86_64
uname -r = 6.17.0-35-generic
uname -s = Linux
uname -v = #35~24.04.1-Ubuntu SMP PREEMPT_DYNAMIC Tue May 26 19:30:42 UTC 2

/usr/bin/uname -p = x86_64
/bin/uname -X     = unknown

/bin/arch              = x86_64
/usr/bin/arch -k       = unknown
/usr/convex/getsysinfo = unknown
/usr/bin/hostinfo      = unknown
/bin/machine           = unknown
/usr/bin/oslevel       = unknown
/bin/universe          = unknown

PATH: /home/akd3070/.nvm/versions/node/v24.15.0/bin/
PATH: /usr/local/cuda-13.1/bin/
PATH: /home/akd3070/.cargo/bin/
PATH: /home/akd3070/.local/bin/
PATH: /usr/local/sbin/
PATH: /usr/local/bin/
PATH: /usr/sbin/
PATH: /usr/bin/
PATH: /sbin/
PATH: /bin/
PATH: /usr/games/
PATH: /usr/local/games/
PATH: /snap/bin/
PATH: /snap/bin/


## ----------- ##
## Core tests. ##
## ----------- ##

configure:2570: looking for aux files: config.guess config.sub config.rpath missing install-sh compile
configure:2583:  trying ./
configure:2612:   ./config.guess found
configure:2612:   ./config.sub found
configure:2612:   ./config.rpath found
configure:2612:   ./missing found
configure:2594:   ./install-sh found
configure:2612:   ./compile found
configure:2795: checking for gcc
configure:2816: found /usr/bin/gcc
configure:2827: result: gcc
configure:3180: checking for C compiler version
configure:3189: gcc --version >&5
gcc (Ubuntu 13.3.0-6ubuntu2~24.04.1) 13.3.0
Copyright (C) 2023 Free Software Foundation, Inc.
This is free software; see the source for copying conditions.  There is NO
warranty; not even for MERCHANTABILITY or FITNESS FOR A PARTICULAR PURPOSE.

configure:3200: $? = 0
configure:3189: gcc -v >&5
Using built-in specs.
COLLECT_GCC=gcc
COLLECT_LTO_WRAPPER=/usr/libexec/gcc/x86_64-linux-gnu/13/lto-wrapper
OFFLOAD_TARGET_NAMES=nvptx-none:amdgcn-amdhsa
OFFLOAD_TARGET_DEFAULT=1
Target: x86_64-linux-gnu
Configured with: ../src/configure -v --with-pkgversion='Ubuntu 13.3.0-6ubuntu2~24.04.1' --with-bugurl=file:///usr/share/doc/gcc-13/README.Bugs --enable-languages=c,ada,c++,go,d,fortran,objc,obj-c++,m2 --prefix=/usr --with-gcc-major-version-only --program-suffix=-13 --program-prefix=x86_64-linux-gnu- --enable-shared --enable-linker-build-id --libexecdir=/usr/libexec --without-included-gettext --enable-threads=posix --libdir=/usr/lib --enable-nls --enable-bootstrap --enable-clocale=gnu --enable-libstdcxx-debug --enable-libstdcxx-time=yes --with-default-libstdcxx-abi=new --enable-libstdcxx-backtrace --enable-gnu-unique-object --disable-vtable-verify --enable-plugin --enable-default-pie --with-system-zlib --enable-libphobos-checking=release --with-target-system-zlib=auto --enable-objc-gc=auto --enable-multiarch --disable-werror --enable-cet --with-arch-32=i686 --with-abi=m64 --with-multilib-list=m32,m64,mx32 --enable-multilib --with-tune=generic --enable-offload-targets=nvptx-none=/build/gcc-13-EldibY/gcc-13-13.3.0/debian/tmp-nvptx/usr,amdgcn-amdhsa=/build/gcc-13-EldibY/gcc-13-13.3.0/debian/tmp-gcn/usr --enable-offload-defaulted --without-cuda-driver --enable-checking=release --build=x86_64-linux-gnu --host=x86_64-linux-gnu --target=x86_64-linux-gnu --with-build-config=bootstrap-lto-lean --enable-link-serialization=2
Thread model: posix
Supported LTO compression algorithms: zlib zstd
gcc version 13.3.0 (Ubuntu 13.3.0-6ubuntu2~24.04.1) 
... rest of stderr output deleted ...
configure:3200: $? = 0
configure:3189: gcc -V >&5
gcc: error: unrecognized command-line option '-V'
gcc: fatal error: no input files
compilation terminated.
configure:3200: $? = 1
configure:3189: gcc -qversion >&5
gcc: error: unrecognized command-line option '-qversion'; did you mean '--version'?
gcc: fatal error: no input files
compilation terminated.
configure:3200: $? = 1
configure:3189: gcc -version >&5
gcc: error: unrecognized command-line option '-version'
gcc: fatal error: no input files
compilation terminated.
configure:3200: $? = 1
configure:3220: checking whether the C compiler works
configure:3242: gcc    conftest.c  >&5
configure:3246: $? = 0
configure:3296: result: yes
configure:3299: checking for C compiler default output file name
configure:3301: result: a.out
configure:3307: checking for suffix of executables
configure:3314: gcc -o conftest    conftest.c  >&5
configure:3318: $? = 0
configure:3341: result: 
configure:3363: checking whether we are cross compiling
configure:3371: gcc -o conftest    conftest.c  >&5
configure:3375: $? = 0
configure:3382: ./conftest
configure:3386: $? = 0
configure:3401: result: no
configure:3406: checking for suffix of object files
configure:3429: gcc -c   conftest.c >&5
configure:3433: $? = 0
configure:3455: result: o
configure:3459: checking whether the compiler supports GNU C
configure:3479: gcc -c   conftest.c >&5
configure:3479: $? = 0
configure:3489: result: yes
configure:3500: checking whether gcc accepts -g
configure:3521: gcc -c -g  conftest.c >&5
configure:3521: $? = 0
configure:3565: result: yes
configure:3585: checking for gcc option to enable C11 features
configure:3600: gcc  -c -g -O2  conftest.c >&5
configure:3600: $? = 0
configure:3618: result: none needed
configure:3734: checking whether gcc understands -c and -o together
configure:3757: gcc -c conftest.c -o conftest2.o
configure:3760: $? = 0
configure:3757: gcc -c conftest.c -o conftest2.o
configure:3760: $? = 0
configure:3772: result: yes
configure:3794: checking for stdio.h
configure:3794: gcc -c -g -O2  conftest.c >&5
configure:3794: $? = 0
configure:3794: result: yes
configure:3794: checking for stdlib.h
configure:3794: gcc -c -g -O2  conftest.c >&5
configure:3794: $? = 0
configure:3794: result: yes
configure:3794: checking for string.h
configure:3794: gcc -c -g -O2  conftest.c >&5
configure:3794: $? = 0
configure:3794: result: yes
configure:3794: checking for inttypes.h
configure:3794: gcc -c -g -O2  conftest.c >&5
configure:3794: $? = 0
configure:3794: result: yes
configure:3794: checking for stdint.h
configure:3794: gcc -c -g -O2  conftest.c >&5
configure:3794: $? = 0
configure:3794: result: yes
configure:3794: checking for strings.h
configure:3794: gcc -c -g -O2  conftest.c >&5
configure:3794: $? = 0
configure:3794: result: yes
configure:3794: checking for sys/stat.h
configure:3794: gcc -c -g -O2  conftest.c >&5
configure:3794: $? = 0
configure:3794: result: yes
configure:3794: checking for sys/types.h
configure:3794: gcc -c -g -O2  conftest.c >&5
configure:3794: $? = 0
configure:3794: result: yes
configure:3794: checking for unistd.h
configure:3794: gcc -c -g -O2  conftest.c >&5
configure:3794: $? = 0
configure:3794: result: yes
configure:3794: checking for wchar.h
configure:3794: gcc -c -g -O2  conftest.c >&5
configure:3794: $? = 0
configure:3794: result: yes
configure:3794: checking for minix/config.h
configure:3794: gcc -c -g -O2  conftest.c >&5
conftest.c:47:10: fatal error: minix/config.h: No such file or directory
   47 | #include <minix/config.h>
      |          ^~~~~~~~~~~~~~~~
compilation terminated.
configure:3794: $? = 1
configure: failed program was:
| /* confdefs.h */
| #define PACKAGE_NAME "Xpad"
| #define PACKAGE_TARNAME "xpad"
| #define PACKAGE_VERSION "5.7"
| #define PACKAGE_STRING "Xpad 5.7"
| #define PACKAGE_BUGREPORT "xpad-hackers@lists.launchpad.net"
| #define PACKAGE_URL ""
| #define HAVE_STDIO_H 1
| #define HAVE_STDLIB_H 1
| #define HAVE_STRING_H 1
| #define HAVE_INTTYPES_H 1
| #define HAVE_STDINT_H 1
| #define HAVE_STRINGS_H 1
| #define HAVE_SYS_STAT_H 1
| #define HAVE_SYS_TYPES_H 1
| #define HAVE_UNISTD_H 1
| #define HAVE_WCHAR_H 1
| /* end confdefs.h.  */
| #include <stddef.h>
| #ifdef HAVE_STDIO_H
| # include <stdio.h>
| #endif
| #ifdef HAVE_STDLIB_H
| # include <stdlib.h>
| #endif
| #ifdef HAVE_STRING_H
| # include <string.h>
| #endif
| #ifdef HAVE_INTTYPES_H
| # include <inttypes.h>
| #endif
| #ifdef HAVE_STDINT_H
| # include <stdint.h>
| #endif
| #ifdef HAVE_STRINGS_H
| # include <strings.h>
| #endif
| #ifdef HAVE_SYS_TYPES_H
| # include <sys/types.h>
| #endif
| #ifdef HAVE_SYS_STAT_H
| # include <sys/stat.h>
| #endif
| #ifdef HAVE_UNISTD_H
| # include <unistd.h>
| #endif
| #include <minix/config.h>
configure:3794: result: no
configure:3825: checking whether it is safe to define __EXTENSIONS__
configure:3844: gcc -c -g -O2  conftest.c >&5
configure:3844: $? = 0
configure:3852: result: yes
configure:3855: checking whether _XOPEN_SOURCE should be defined
configure:3877: gcc -c -g -O2  conftest.c >&5
configure:3877: $? = 0
configure:3904: result: no
configure:4013: checking for gcc
configure:4045: result: gcc
configure:4398: checking for C compiler version
configure:4407: gcc --version >&5
gcc (Ubuntu 13.3.0-6ubuntu2~24.04.1) 13.3.0
Copyright (C) 2023 Free Software Foundation, Inc.
This is free software; see the source for copying conditions.  There is NO
warranty; not even for MERCHANTABILITY or FITNESS FOR A PARTICULAR PURPOSE.

configure:4418: $? = 0
configure:4407: gcc -v >&5
Using built-in specs.
COLLECT_GCC=gcc
COLLECT_LTO_WRAPPER=/usr/libexec/gcc/x86_64-linux-gnu/13/lto-wrapper
OFFLOAD_TARGET_NAMES=nvptx-none:amdgcn-amdhsa
OFFLOAD_TARGET_DEFAULT=1
Target: x86_64-linux-gnu
Configured with: ../src/configure -v --with-pkgversion='Ubuntu 13.3.0-6ubuntu2~24.04.1' --with-bugurl=file:///usr/share/doc/gcc-13/README.Bugs --enable-languages=c,ada,c++,go,d,fortran,objc,obj-c++,m2 --prefix=/usr --with-gcc-major-version-only --program-suffix=-13 --program-prefix=x86_64-linux-gnu- --enable-shared --enable-linker-build-id --libexecdir=/usr/libexec --without-included-gettext --enable-threads=posix --libdir=/usr/lib --enable-nls --enable-bootstrap --enable-clocale=gnu --enable-libstdcxx-debug --enable-libstdcxx-time=yes --with-default-libstdcxx-abi=new --enable-libstdcxx-backtrace --enable-gnu-unique-object --disable-vtable-verify --enable-plugin --enable-default-pie --with-system-zlib --enable-libphobos-checking=release --with-target-system-zlib=auto --enable-objc-gc=auto --enable-multiarch --disable-werror --enable-cet --with-arch-32=i686 --with-abi=m64 --with-multilib-list=m32,m64,mx32 --enable-multilib --with-tune=generic --enable-offload-targets=nvptx-none=/build/gcc-13-EldibY/gcc-13-13.3.0/debian/tmp-nvptx/usr,amdgcn-amdhsa=/build/gcc-13-EldibY/gcc-13-13.3.0/debian/tmp-gcn/usr --enable-offload-defaulted --without-cuda-driver --enable-checking=release --build=x86_64-linux-gnu --host=x86_64-linux-gnu --target=x86_64-linux-gnu --with-build-config=bootstrap-lto-lean --enable-link-serialization=2
Thread model: posix
Supported LTO compression algorithms: zlib zstd
gcc version 13.3.0 (Ubuntu 13.3.0-6ubuntu2~24.04.1) 
... rest of stderr output deleted ...
configure:4418: $? = 0
configure:4407: gcc -V >&5
gcc: error: unrecognized command-line option '-V'
gcc: fatal error: no input files
compilation terminated.
configure:4418: $? = 1
configure:4407: gcc -qversion >&5
gcc: error: unrecognized command-line option '-qversion'; did you mean '--version'?
gcc: fatal error: no input files
compilation terminated.
configure:4418: $? = 1
configure:4407: gcc -version >&5
gcc: error: unrecognized command-line option '-version'
gcc: fatal error: no input files
compilation terminated.
configure:4418: $? = 1
configure:4422: checking whether the compiler supports GNU C
configure:4452: result: yes
configure:4463: checking whether gcc accepts -g
configure:4528: result: yes
configure:4548: checking for gcc option to enable C11 features
configure:4581: result: none needed
configure:4697: checking whether gcc understands -c and -o together
configure:4735: result: yes
configure:4767: checking for a BSD-compatible install
configure:4840: result: /usr/bin/install -c
configure:4851: checking whether make sets $(MAKE)
configure:4874: result: yes
configure:4887: checking whether build environment is sane
configure:4942: result: yes
configure:5097: checking for a race-free mkdir -p
configure:5141: result: /usr/bin/mkdir -p
configure:5148: checking for gawk
configure:5183: result: no
configure:5148: checking for mawk
configure:5169: found /usr/bin/mawk
configure:5180: result: mawk
configure:5204: checking whether make supports the include directive
configure:5219: make -f confmf.GNU && cat confinc.out
this is the am__doit target
configure:5222: $? = 0
configure:5241: result: yes (GNU style)
configure:5276: checking whether make supports nested variables
configure:5294: result: yes
configure:5375: checking dependency style of gcc
configure:5487: result: gcc3
configure:5581: checking for /proc/self/maps
configure:5595: result: yes
configure:5602: checking whether everything is installed to the same prefix
configure:5619: result: no
configure:5622: checking whether binary relocation support should be enabled
configure:5641: result: no
configure:5735: checking how to run the C preprocessor
configure:5761: gcc -E  conftest.c
configure:5761: $? = 0
configure:5776: gcc -E  conftest.c
conftest.c:38:10: fatal error: ac_nonexistent.h: No such file or directory
   38 | #include <ac_nonexistent.h>
      |          ^~~~~~~~~~~~~~~~~~
compilation terminated.
configure:5776: $? = 1
configure: failed program was:
| /* confdefs.h */
| #define PACKAGE_NAME "Xpad"
| #define PACKAGE_TARNAME "xpad"
| #define PACKAGE_VERSION "5.7"
| #define PACKAGE_STRING "Xpad 5.7"
| #define PACKAGE_BUGREPORT "xpad-hackers@lists.launchpad.net"
| #define PACKAGE_URL ""
| #define HAVE_STDIO_H 1
| #define HAVE_STDLIB_H 1
| #define HAVE_STRING_H 1
| #define HAVE_INTTYPES_H 1
| #define HAVE_STDINT_H 1
| #define HAVE_STRINGS_H 1
| #define HAVE_SYS_STAT_H 1
| #define HAVE_SYS_TYPES_H 1
| #define HAVE_UNISTD_H 1
| #define HAVE_WCHAR_H 1
| #define STDC_HEADERS 1
| #define _ALL_SOURCE 1
| #define _DARWIN_C_SOURCE 1
| #define _GNU_SOURCE 1
| #define _HPUX_ALT_XOPEN_SOCKET_API 1
| #define _NETBSD_SOURCE 1
| #define _OPENBSD_SOURCE 1
| #define _POSIX_PTHREAD_SEMANTICS 1
| #define __STDC_WANT_IEC_60559_ATTRIBS_EXT__ 1
| #define __STDC_WANT_IEC_60559_BFP_EXT__ 1
| #define __STDC_WANT_IEC_60559_DFP_EXT__ 1
| #define __STDC_WANT_IEC_60559_FUNCS_EXT__ 1
| #define __STDC_WANT_IEC_60559_TYPES_EXT__ 1
| #define __STDC_WANT_LIB_EXT2__ 1
| #define __STDC_WANT_MATH_SPEC_FUNCS__ 1
| #define _TANDEM_SOURCE 1
| #define __EXTENSIONS__ 1
| #define PACKAGE "xpad"
| #define VERSION "5.7"
| /* end confdefs.h.  */
| #include <ac_nonexistent.h>
configure:5803: result: gcc -E
configure:5817: gcc -E  conftest.c
configure:5817: $? = 0
configure:5832: gcc -E  conftest.c
conftest.c:38:10: fatal error: ac_nonexistent.h: No such file or directory
   38 | #include <ac_nonexistent.h>
      |          ^~~~~~~~~~~~~~~~~~
compilation terminated.
configure:5832: $? = 1
configure: failed program was:
| /* confdefs.h */
| #define PACKAGE_NAME "Xpad"
| #define PACKAGE_TARNAME "xpad"
| #define PACKAGE_VERSION "5.7"
| #define PACKAGE_STRING "Xpad 5.7"
| #define PACKAGE_BUGREPORT "xpad-hackers@lists.launchpad.net"
| #define PACKAGE_URL ""
| #define HAVE_STDIO_H 1
| #define HAVE_STDLIB_H 1
| #define HAVE_STRING_H 1
| #define HAVE_INTTYPES_H 1
| #define HAVE_STDINT_H 1
| #define HAVE_STRINGS_H 1
| #define HAVE_SYS_STAT_H 1
| #define HAVE_SYS_TYPES_H 1
| #define HAVE_UNISTD_H 1
| #define HAVE_WCHAR_H 1
| #define STDC_HEADERS 1
| #define _ALL_SOURCE 1
| #define _DARWIN_C_SOURCE 1
| #define _GNU_SOURCE 1
| #define _HPUX_ALT_XOPEN_SOCKET_API 1
| #define _NETBSD_SOURCE 1
| #define _OPENBSD_SOURCE 1
| #define _POSIX_PTHREAD_SEMANTICS 1
| #define __STDC_WANT_IEC_60559_ATTRIBS_EXT__ 1
| #define __STDC_WANT_IEC_60559_BFP_EXT__ 1
| #define __STDC_WANT_IEC_60559_DFP_EXT__ 1
| #define __STDC_WANT_IEC_60559_FUNCS_EXT__ 1
| #define __STDC_WANT_IEC_60559_TYPES_EXT__ 1
| #define __STDC_WANT_LIB_EXT2__ 1
| #define __STDC_WANT_MATH_SPEC_FUNCS__ 1
| #define _TANDEM_SOURCE 1
| #define __EXTENSIONS__ 1
| #define PACKAGE "xpad"
| #define VERSION "5.7"
| /* end confdefs.h.  */
| #include <ac_nonexistent.h>
configure:5863: checking for X
configure:5901: gcc -o conftest -g -O2   conftest.c -lX11  >&5
configure:5901: $? = 0
configure:6088: result: libraries , headers 
configure:6186: gcc -o conftest -g -O2   conftest.c   -lX11 >&5
configure:6186: $? = 0
configure:6285: checking for gethostbyname
configure:6285: gcc -o conftest -g -O2   conftest.c  >&5
configure:6285: $? = 0
configure:6285: result: yes
configure:6383: checking for connect
configure:6383: gcc -o conftest -g -O2   conftest.c  >&5
configure:6383: $? = 0
configure:6383: result: yes
configure:6433: checking for remove
configure:6433: gcc -o conftest -g -O2   conftest.c  >&5
configure:6433: $? = 0
configure:6433: result: yes
configure:6483: checking for shmat
configure:6483: gcc -o conftest -g -O2   conftest.c  >&5
configure:6483: $? = 0
configure:6483: result: yes
configure:6542: checking for IceConnectionNumber in -lICE
configure:6565: gcc -o conftest -g -O2   conftest.c -lICE   >&5
configure:6565: $? = 0
configure:6575: result: yes
configure:6647: checking for pkg-config
configure:6670: found /usr/bin/pkg-config
configure:6682: result: /usr/bin/pkg-config
configure:6707: checking pkg-config is at least version 0.9.0
configure:6710: result: yes
configure:6720: checking for gtk+-3.0 >= 3.22 gio-2.0 >= 2.56
configure:6727: $PKG_CONFIG --exists --print-errors "gtk+-3.0 >= 3.22 gio-2.0 >= 2.56"
configure:6730: $? = 0
configure:6744: $PKG_CONFIG --exists --print-errors "gtk+-3.0 >= 3.22 gio-2.0 >= 2.56"
configure:6747: $? = 0
configure:6805: result: yes
configure:6823: checking for gtksourceview-4 >= 4.0.3
configure:6830: $PKG_CONFIG --exists --print-errors "gtksourceview-4 >= 4.0.3"
configure:6833: $? = 0
configure:6847: $PKG_CONFIG --exists --print-errors "gtksourceview-4 >= 4.0.3"
configure:6850: $? = 0
configure:6908: result: yes
configure:6918: checking for glib-2.0 >= 2.58
configure:6925: $PKG_CONFIG --exists --print-errors "glib-2.0 >= 2.58"
configure:6928: $? = 0
configure:6942: $PKG_CONFIG --exists --print-errors "glib-2.0 >= 2.58"
configure:6945: $? = 0
configure:7003: result: yes
configure:7012: checking for pango >= 1.32
configure:7019: $PKG_CONFIG --exists --print-errors "pango >= 1.32"
configure:7022: $? = 0
configure:7036: $PKG_CONFIG --exists --print-errors "pango >= 1.32"
configure:7039: $? = 0
configure:7097: result: yes
configure:7106: checking for gdk-pixbuf-2.0 >= 2.28
configure:7113: $PKG_CONFIG --exists --print-errors "gdk-pixbuf-2.0 >= 2.28"
configure:7116: $? = 0
configure:7130: $PKG_CONFIG --exists --print-errors "gdk-pixbuf-2.0 >= 2.28"
configure:7133: $? = 0
configure:7191: result: yes
configure:7200: checking for atk >= 2.8 atk-bridge-2.0
configure:7207: $PKG_CONFIG --exists --print-errors "atk >= 2.8 atk-bridge-2.0"
configure:7210: $? = 0
configure:7224: $PKG_CONFIG --exists --print-errors "atk >= 2.8 atk-bridge-2.0"
configure:7227: $? = 0
configure:7285: result: yes
configure:7293: checking for an ANSI C-conforming const
configure:7360: gcc -c -g -O2  conftest.c >&5
configure:7360: $? = 0
configure:7368: result: yes
configure:7376: checking for size_t
configure:7376: gcc -c -g -O2  conftest.c >&5
configure:7376: $? = 0
configure:7376: gcc -c -g -O2  conftest.c >&5
conftest.c: In function 'main':
conftest.c:69:21: error: expected expression before ')' token
   69 | if (sizeof ((size_t)))
      |                     ^
configure:7376: $? = 1
configure: failed program was:
| /* confdefs.h */
| #define PACKAGE_NAME "Xpad"
| #define PACKAGE_TARNAME "xpad"
| #define PACKAGE_VERSION "5.7"
| #define PACKAGE_STRING "Xpad 5.7"
| #define PACKAGE_BUGREPORT "xpad-hackers@lists.launchpad.net"
| #define PACKAGE_URL ""
| #define HAVE_STDIO_H 1
| #define HAVE_STDLIB_H 1
| #define HAVE_STRING_H 1
| #define HAVE_INTTYPES_H 1
| #define HAVE_STDINT_H 1
| #define HAVE_STRINGS_H 1
| #define HAVE_SYS_STAT_H 1
| #define HAVE_SYS_TYPES_H 1
| #define HAVE_UNISTD_H 1
| #define HAVE_WCHAR_H 1
| #define STDC_HEADERS 1
| #define _ALL_SOURCE 1
| #define _DARWIN_C_SOURCE 1
| #define _GNU_SOURCE 1
| #define _HPUX_ALT_XOPEN_SOCKET_API 1
| #define _NETBSD_SOURCE 1
| #define _OPENBSD_SOURCE 1
| #define _POSIX_PTHREAD_SEMANTICS 1
| #define __STDC_WANT_IEC_60559_ATTRIBS_EXT__ 1
| #define __STDC_WANT_IEC_60559_BFP_EXT__ 1
| #define __STDC_WANT_IEC_60559_DFP_EXT__ 1
| #define __STDC_WANT_IEC_60559_FUNCS_EXT__ 1
| #define __STDC_WANT_IEC_60559_TYPES_EXT__ 1
| #define __STDC_WANT_LIB_EXT2__ 1
| #define __STDC_WANT_MATH_SPEC_FUNCS__ 1
| #define _TANDEM_SOURCE 1
| #define __EXTENSIONS__ 1
| #define PACKAGE "xpad"
| #define VERSION "5.7"
| /* end confdefs.h.  */
| #include <stddef.h>
| #ifdef HAVE_STDIO_H
| # include <stdio.h>
| #endif
| #ifdef HAVE_STDLIB_H
| # include <stdlib.h>
| #endif
| #ifdef HAVE_STRING_H
| # include <string.h>
| #endif
| #ifdef HAVE_INTTYPES_H
| # include <inttypes.h>
| #endif
| #ifdef HAVE_STDINT_H
| # include <stdint.h>
| #endif
| #ifdef HAVE_STRINGS_H
| # include <strings.h>
| #endif
| #ifdef HAVE_SYS_TYPES_H
| # include <sys/types.h>
| #endif
| #ifdef HAVE_SYS_STAT_H
| # include <sys/stat.h>
| #endif
| #ifdef HAVE_UNISTD_H
| # include <unistd.h>
| #endif
| int
| main (void)
| {
| if (sizeof ((size_t)))
| 	    return 0;
|   ;
|   return 0;
| }
configure:7376: result: yes
configure:7391: checking for a sed that does not truncate output
configure:7461: result: /usr/bin/sed
configure:7467: checking whether NLS is requested
configure:7477: result: yes
configure:7517: checking for msgfmt
configure: trying /usr/bin/msgfmt...
0 translated messages.
configure:7550: result: /usr/bin/msgfmt
configure:7559: checking for gmsgfmt
configure:7595: result: /usr/bin/msgfmt
configure:7640: checking for xgettext
configure: trying /usr/bin/xgettext...
/usr/bin/xgettext: warning: file '/dev/null' extension '' is unknown; will try C
configure:7673: result: /usr/bin/xgettext
configure:7718: checking for msgmerge
configure: trying /usr/bin/msgmerge...
configure:7750: result: /usr/bin/msgmerge
configure:7797: checking build system type
configure:7812: result: x86_64-pc-linux-gnu
configure:7832: checking host system type
configure:7846: result: x86_64-pc-linux-gnu
configure:7893: checking for ld used by gcc
configure:8021: result: /usr/bin/ld
configure:8028: checking if the linker (/usr/bin/ld) is GNU ld
configure:8044: result: yes
configure:8052: checking for shared library run path origin
configure:8066: result: done
configure:8088: checking 32-bit host C ABI
configure:8155: gcc -c -g -O2  conftest.c >&5
configure:8155: $? = 0
configure:8351: result: no
configure:8356: checking for grep that handles long lines and -e
configure:8420: result: /usr/bin/grep
configure:8425: checking for egrep
configure:8493: result: /usr/bin/grep -E
configure:8502: checking for ELF binary format
configure:8526: result: yes
configure:8575: checking for the common suffixes of directories in the library search path
configure:8644: result: lib,lib,lib64
configure:9162: checking for CFPreferencesCopyAppValue
configure:9181: gcc -o conftest -g -O2   conftest.c  -Wl,-framework -Wl,CoreFoundation >&5
conftest.c:38:10: fatal error: CoreFoundation/CFPreferences.h: No such file or directory
   38 | #include <CoreFoundation/CFPreferences.h>
      |          ^~~~~~~~~~~~~~~~~~~~~~~~~~~~~~~~
compilation terminated.
configure:9181: $? = 1
configure: failed program was:
| /* confdefs.h */
| #define PACKAGE_NAME "Xpad"
| #define PACKAGE_TARNAME "xpad"
| #define PACKAGE_VERSION "5.7"
| #define PACKAGE_STRING "Xpad 5.7"
| #define PACKAGE_BUGREPORT "xpad-hackers@lists.launchpad.net"
| #define PACKAGE_URL ""
| #define HAVE_STDIO_H 1
| #define HAVE_STDLIB_H 1
| #define HAVE_STRING_H 1
| #define HAVE_INTTYPES_H 1
| #define HAVE_STDINT_H 1
| #define HAVE_STRINGS_H 1
| #define HAVE_SYS_STAT_H 1
| #define HAVE_SYS_TYPES_H 1
| #define HAVE_UNISTD_H 1
| #define HAVE_WCHAR_H 1
| #define STDC_HEADERS 1
| #define _ALL_SOURCE 1
| #define _DARWIN_C_SOURCE 1
| #define _GNU_SOURCE 1
| #define _HPUX_ALT_XOPEN_SOCKET_API 1
| #define _NETBSD_SOURCE 1
| #define _OPENBSD_SOURCE 1
| #define _POSIX_PTHREAD_SEMANTICS 1
| #define __STDC_WANT_IEC_60559_ATTRIBS_EXT__ 1
| #define __STDC_WANT_IEC_60559_BFP_EXT__ 1
| #define __STDC_WANT_IEC_60559_DFP_EXT__ 1
| #define __STDC_WANT_IEC_60559_FUNCS_EXT__ 1
| #define __STDC_WANT_IEC_60559_TYPES_EXT__ 1
| #define __STDC_WANT_LIB_EXT2__ 1
| #define __STDC_WANT_MATH_SPEC_FUNCS__ 1
| #define _TANDEM_SOURCE 1
| #define __EXTENSIONS__ 1
| #define PACKAGE "xpad"
| #define VERSION "5.7"
| /* end confdefs.h.  */
| #include <CoreFoundation/CFPreferences.h>
| int
| main (void)
| {
| CFPreferencesCopyAppValue(NULL, NULL)
|   ;
|   return 0;
| }
configure:9191: result: no
configure:9198: checking for CFLocaleCopyPreferredLanguages
configure:9217: gcc -o conftest -g -O2   conftest.c  -Wl,-framework -Wl,CoreFoundation >&5
conftest.c:38:10: fatal error: CoreFoundation/CFLocale.h: No such file or directory
   38 | #include <CoreFoundation/CFLocale.h>
      |          ^~~~~~~~~~~~~~~~~~~~~~~~~~~
compilation terminated.
configure:9217: $? = 1
configure: failed program was:
| /* confdefs.h */
| #define PACKAGE_NAME "Xpad"
| #define PACKAGE_TARNAME "xpad"
| #define PACKAGE_VERSION "5.7"
| #define PACKAGE_STRING "Xpad 5.7"
| #define PACKAGE_BUGREPORT "xpad-hackers@lists.launchpad.net"
| #define PACKAGE_URL ""
| #define HAVE_STDIO_H 1
| #define HAVE_STDLIB_H 1
| #define HAVE_STRING_H 1
| #define HAVE_INTTYPES_H 1
| #define HAVE_STDINT_H 1
| #define HAVE_STRINGS_H 1
| #define HAVE_SYS_STAT_H 1
| #define HAVE_SYS_TYPES_H 1
| #define HAVE_UNISTD_H 1
| #define HAVE_WCHAR_H 1
| #define STDC_HEADERS 1
| #define _ALL_SOURCE 1
| #define _DARWIN_C_SOURCE 1
| #define _GNU_SOURCE 1
| #define _HPUX_ALT_XOPEN_SOCKET_API 1
| #define _NETBSD_SOURCE 1
| #define _OPENBSD_SOURCE 1
| #define _POSIX_PTHREAD_SEMANTICS 1
| #define __STDC_WANT_IEC_60559_ATTRIBS_EXT__ 1
| #define __STDC_WANT_IEC_60559_BFP_EXT__ 1
| #define __STDC_WANT_IEC_60559_DFP_EXT__ 1
| #define __STDC_WANT_IEC_60559_FUNCS_EXT__ 1
| #define __STDC_WANT_IEC_60559_TYPES_EXT__ 1
| #define __STDC_WANT_LIB_EXT2__ 1
| #define __STDC_WANT_MATH_SPEC_FUNCS__ 1
| #define _TANDEM_SOURCE 1
| #define __EXTENSIONS__ 1
| #define PACKAGE "xpad"
| #define VERSION "5.7"
| /* end confdefs.h.  */
| #include <CoreFoundation/CFLocale.h>
| int
| main (void)
| {
| CFLocaleCopyPreferredLanguages();
|   ;
|   return 0;
| }
configure:9227: result: no
configure:9277: checking for GNU gettext in libc
configure:9307: gcc -o conftest -g -O2   conftest.c  >&5
configure:9307: $? = 0
configure:9317: result: yes
configure:10208: checking whether to use NLS
configure:10210: result: yes
configure:10213: checking where the gettext function comes from
configure:10224: result: libc
configure:10304: $PKG_CONFIG --exists --print-errors "ayatana-appindicator3-0.1 >= $APPINDICATOR_REQUIRED"
Package ayatana-appindicator3-0.1 was not found in the pkg-config search path.
Perhaps you should add the directory containing `ayatana-appindicator3-0.1.pc'
to the PKG_CONFIG_PATH environment variable
Package 'ayatana-appindicator3-0.1', required by 'virtual:world', not found
configure:10307: $? = 1
configure:10579: checking that generated files are newer than configure
configure:10585: result: done
configure:10616: creating ./config.status

## ---------------------- ##
## Running config.status. ##
## ---------------------- ##

This file was extended by Xpad config.status 5.7, which was
generated by GNU Autoconf 2.71.  Invocation command line was

  CONFIG_FILES    = 
  CONFIG_HEADERS  = 
  CONFIG_LINKS    = 
  CONFIG_COMMANDS = 
  $ ./config.status 

on Classified

config.status:955: creating Makefile
config.status:955: creating autopackage/Makefile
config.status:955: creating autopackage/default.apspec
config.status:955: creating data/Makefile
config.status:955: creating doc/Makefile
config.status:955: creating images/Makefile
config.status:955: creating po/Makefile.in
config.status:955: creating src/Makefile
config.status:955: creating config.h
config.status:1136: config.h is unchanged
config.status:1184: executing depfiles commands
config.status:1261: cd src       && sed -e '/# am--include-marker/d' Makefile         | make -f - am--depfiles
make: Nothing to be done for 'am--depfiles'.
config.status:1266: $? = 0
config.status:1184: executing po-directories commands

## ---------------- ##
## Cache variables. ##
## ---------------- ##

ac_cv_build=x86_64-pc-linux-gnu
ac_cv_c_compiler_gnu=yes
ac_cv_c_const=yes
ac_cv_env_APP_INDICATOR_CFLAGS_set=
ac_cv_env_APP_INDICATOR_CFLAGS_value=
ac_cv_env_APP_INDICATOR_LIBS_set=
ac_cv_env_APP_INDICATOR_LIBS_value=
ac_cv_env_ATK_CFLAGS_set=
ac_cv_env_ATK_CFLAGS_value=
ac_cv_env_ATK_LIBS_set=
ac_cv_env_ATK_LIBS_value=
ac_cv_env_CC_set=
ac_cv_env_CC_value=
ac_cv_env_CFLAGS_set=
ac_cv_env_CFLAGS_value=
ac_cv_env_CPPFLAGS_set=
ac_cv_env_CPPFLAGS_value=
ac_cv_env_CPP_set=
ac_cv_env_CPP_value=
ac_cv_env_GLIB_CFLAGS_set=
ac_cv_env_GLIB_CFLAGS_value=
ac_cv_env_GLIB_LIBS_set=
ac_cv_env_GLIB_LIBS_value=
ac_cv_env_GTK_CFLAGS_set=
ac_cv_env_GTK_CFLAGS_value=
ac_cv_env_GTK_LIBS_set=
ac_cv_env_GTK_LIBS_value=
ac_cv_env_GTK_SOURCE_VIEW_CFLAGS_set=
ac_cv_env_GTK_SOURCE_VIEW_CFLAGS_value=
ac_cv_env_GTK_SOURCE_VIEW_LIBS_set=
ac_cv_env_GTK_SOURCE_VIEW_LIBS_value=
ac_cv_env_LDFLAGS_set=
ac_cv_env_LDFLAGS_value=
ac_cv_env_LIBS_set=
ac_cv_env_LIBS_value=
ac_cv_env_PANGO_CFLAGS_set=
ac_cv_env_PANGO_CFLAGS_value=
ac_cv_env_PANGO_LIBS_set=
ac_cv_env_PANGO_LIBS_value=
ac_cv_env_PIXBUF_CFLAGS_set=
ac_cv_env_PIXBUF_CFLAGS_value=
ac_cv_env_PIXBUF_LIBS_set=
ac_cv_env_PIXBUF_LIBS_value=
ac_cv_env_PKG_CONFIG_LIBDIR_set=
ac_cv_env_PKG_CONFIG_LIBDIR_value=
ac_cv_env_PKG_CONFIG_PATH_set=
ac_cv_env_PKG_CONFIG_PATH_value=
ac_cv_env_PKG_CONFIG_set=
ac_cv_env_PKG_CONFIG_value=
ac_cv_env_XMKMF_set=
ac_cv_env_XMKMF_value=
ac_cv_env_build_alias_set=
ac_cv_env_build_alias_value=
ac_cv_env_host_alias_set=
ac_cv_env_host_alias_value=
ac_cv_env_target_alias_set=
ac_cv_env_target_alias_value=
ac_cv_file__proc_self_maps=yes
ac_cv_func_connect=yes
ac_cv_func_gethostbyname=yes
ac_cv_func_remove=yes
ac_cv_func_shmat=yes
ac_cv_have_x='have_x=yes	ac_x_includes='\'''\''	ac_x_libraries='\'''\'''
ac_cv_header_inttypes_h=yes
ac_cv_header_minix_config_h=no
ac_cv_header_stdint_h=yes
ac_cv_header_stdio_h=yes
ac_cv_header_stdlib_h=yes
ac_cv_header_string_h=yes
ac_cv_header_strings_h=yes
ac_cv_header_sys_stat_h=yes
ac_cv_header_sys_types_h=yes
ac_cv_header_unistd_h=yes
ac_cv_header_wchar_h=yes
ac_cv_host=x86_64-pc-linux-gnu
ac_cv_lib_ICE_IceConnectionNumber=yes
ac_cv_objext=o
ac_cv_path_EGREP='/usr/bin/grep -E'
ac_cv_path_GMSGFMT=/usr/bin/msgfmt
ac_cv_path_GREP=/usr/bin/grep
ac_cv_path_MSGFMT=/usr/bin/msgfmt
ac_cv_path_MSGMERGE=/usr/bin/msgmerge
ac_cv_path_SED=/usr/bin/sed
ac_cv_path_XGETTEXT=/usr/bin/xgettext
ac_cv_path_ac_pt_PKG_CONFIG=/usr/bin/pkg-config
ac_cv_path_install='/usr/bin/install -c'
ac_cv_path_mkdir=/usr/bin/mkdir
ac_cv_prog_AWK=mawk
ac_cv_prog_CPP='gcc -E'
ac_cv_prog_ac_ct_CC=gcc
ac_cv_prog_cc_c11=
ac_cv_prog_cc_g=yes
ac_cv_prog_cc_stdc=
ac_cv_prog_make_make_set=yes
ac_cv_safe_to_define___extensions__=yes
ac_cv_should_define__xopen_source=no
ac_cv_type_size_t=yes
acl_cv_hardcode_direct=no
acl_cv_hardcode_libdir_flag_spec='${wl}-rpath ${wl}$libdir'
acl_cv_hardcode_libdir_separator=
acl_cv_hardcode_minus_L=no
acl_cv_libdirstems=lib,lib,lib64
acl_cv_libext=a
acl_cv_libname_spec='lib$name'
acl_cv_library_names_spec='$libname$shrext'
acl_cv_path_LD=/usr/bin/ld
acl_cv_prog_gnu_ld=yes
acl_cv_rpath=done
acl_cv_shlibext=so
acl_cv_wl=-Wl,
am_cv_CC_dependencies_compiler_type=gcc3
am_cv_make_support_nested_variables=yes
am_cv_prog_cc_c_o=yes
br_cv_binreloc=no
br_cv_valid_prefixes=no
gl_cv_elf=yes
gl_cv_host_cpu_c_abi_32bit=no
gt_cv_func_CFLocaleCopyPreferredLanguages=no
gt_cv_func_CFPreferencesCopyAppValue=no
gt_cv_func_gnugettext1_libc=yes
pkg_cv_ATK_CFLAGS='-I/usr/include/atk-1.0 -I/usr/include/glib-2.0 -I/usr/lib/x86_64-linux-gnu/glib-2.0/include -I/usr/include/at-spi2-atk/2.0 -I/usr/include/at-spi-2.0 -I/usr/include/dbus-1.0 -I/usr/lib/x86_64-linux-gnu/dbus-1.0/include -I/usr/include/libmount -I/usr/include/blkid -pthread '
pkg_cv_ATK_LIBS='-latk-1.0 -lgobject-2.0 -lglib-2.0 -latk-bridge-2.0 '
pkg_cv_GLIB_CFLAGS='-I/usr/include/glib-2.0 -I/usr/lib/x86_64-linux-gnu/glib-2.0/include '
pkg_cv_GLIB_LIBS='-lglib-2.0 '
pkg_cv_GTK_CFLAGS='-I/usr/include/gtk-3.0 -I/usr/include/pango-1.0 -I/usr/include/glib-2.0 -I/usr/lib/x86_64-linux-gnu/glib-2.0/include -I/usr/include/harfbuzz -I/usr/include/freetype2 -I/usr/include/libpng16 -I/usr/include/libmount -I/usr/include/blkid -I/usr/include/fribidi -I/usr/include/cairo -I/usr/include/pixman-1 -I/usr/include/gdk-pixbuf-2.0 -I/usr/include/x86_64-linux-gnu -I/usr/include/webp -I/usr/include/gio-unix-2.0 -I/usr/include/atk-1.0 -I/usr/include/at-spi2-atk/2.0 -I/usr/include/at-spi-2.0 -I/usr/include/dbus-1.0 -I/usr/lib/x86_64-linux-gnu/dbus-1.0/include -pthread '
pkg_cv_GTK_LIBS='-lgtk-3 -lgdk-3 -lz -lpangocairo-1.0 -lpango-1.0 -lharfbuzz -latk-1.0 -lcairo-gobject -lcairo -lgdk_pixbuf-2.0 -lgio-2.0 -lgobject-2.0 -lglib-2.0 '
pkg_cv_GTK_SOURCE_VIEW_CFLAGS='-I/usr/include/gtksourceview-4 -I/usr/include/glib-2.0 -I/usr/lib/x86_64-linux-gnu/glib-2.0/include -I/usr/include/libmount -I/usr/include/blkid -I/usr/include/gtk-3.0 -I/usr/include/pango-1.0 -I/usr/include/harfbuzz -I/usr/include/freetype2 -I/usr/include/libpng16 -I/usr/include/fribidi -I/usr/include/cairo -I/usr/include/pixman-1 -I/usr/include/gdk-pixbuf-2.0 -I/usr/include/x86_64-linux-gnu -I/usr/include/webp -I/usr/include/gio-unix-2.0 -I/usr/include/atk-1.0 -I/usr/include/at-spi2-atk/2.0 -I/usr/include/at-spi-2.0 -I/usr/include/dbus-1.0 -I/usr/lib/x86_64-linux-gnu/dbus-1.0/include -pthread -I/usr/include/libxml2 '
pkg_cv_GTK_SOURCE_VIEW_LIBS='-lgtksourceview-4 -lgtk-3 -lgdk-3 -lz -lpangocairo-1.0 -lpango-1.0 -lharfbuzz -latk-1.0 -lcairo-gobject -lcairo -lgdk_pixbuf-2.0 -lgio-2.0 -lgobject-2.0 -lglib-2.0 '
pkg_cv_PANGO_CFLAGS='-I/usr/include/pango-1.0 -I/usr/include/glib-2.0 -I/usr/lib/x86_64-linux-gnu/glib-2.0/include -I/usr/include/harfbuzz -I/usr/include/freetype2 -I/usr/include/libpng16 -pthread -I/usr/include/libmount -I/usr/include/blkid -I/usr/include/fribidi -I/usr/include/cairo -I/usr/include/pixman-1 '
pkg_cv_PANGO_LIBS='-lpango-1.0 -lgobject-2.0 -lglib-2.0 -lharfbuzz '
pkg_cv_PIXBUF_CFLAGS='-I/usr/include/gdk-pixbuf-2.0 -I/usr/include/glib-2.0 -I/usr/lib/x86_64-linux-gnu/glib-2.0/include -I/usr/include/libpng16 -I/usr/include/x86_64-linux-gnu -I/usr/include/webp -pthread -I/usr/include/libmount -I/usr/include/blkid '
pkg_cv_PIXBUF_LIBS='-lgdk_pixbuf-2.0 -lgobject-2.0 -lglib-2.0 '

## ----------------- ##
## Output variables. ##
## ----------------- ##

ACLOCAL='${SHELL} '\''/home/akd3070/Desktop/xpad/missing'\'' aclocal-1.16'
AMDEPBACKSLASH='\'
AMDEP_FALSE='#'
AMDEP_TRUE=''
AMTAR='$${TAR-tar}'
AM_BACKSLASH='\'
AM_DEFAULT_V='$(AM_DEFAULT_VERBOSITY)'
AM_DEFAULT_VERBOSITY='1'
AM_V='$(V)'
APP_INDICATOR_CFLAGS=''
APP_INDICATOR_LIBS=''
ATK_CFLAGS='-I/usr/include/atk-1.0 -I/usr/include/glib-2.0 -I/usr/lib/x86_64-linux-gnu/glib-2.0/include -I/usr/include/at-spi2-atk/2.0 -I/usr/include/at-spi-2.0 -I/usr/include/dbus-1.0 -I/usr/lib/x86_64-linux-gnu/dbus-1.0/include -I/usr/include/libmount -I/usr/include/blkid -pthread '
ATK_LIBS='-latk-1.0 -lgobject-2.0 -lglib-2.0 -latk-bridge-2.0 '
AUTOCONF='${SHELL} '\''/home/akd3070/Desktop/xpad/missing'\'' autoconf'
AUTOHEADER='${SHELL} '\''/home/akd3070/Desktop/xpad/missing'\'' autoheader'
AUTOMAKE='${SHELL} '\''/home/akd3070/Desktop/xpad/missing'\'' automake-1.16'
AWK='mawk'
BINRELOC_CFLAGS=''
BINRELOC_LIBS=''
CC='gcc'
CCDEPMODE='depmode=gcc3'
CFLAGS='-g -O2'
CPP='gcc -E'
CPPFLAGS=''
CSCOPE='cscope'
CTAGS='ctags'
CYGPATH_W='echo'
DEBUG_CFLAGS='-Wno-deprecated-declarations'
DEFS='-DHAVE_CONFIG_H'
DEPDIR='.deps'
ECHO_C=''
ECHO_N='-n'
ECHO_T=''
EGREP='/usr/bin/grep -E'
ETAGS='etags'
EXEEXT=''
GETTEXT_MACRO_VERSION='0.20'
GETTEXT_PACKAGE='xpad'
GLIB_CFLAGS='-I/usr/include/glib-2.0 -I/usr/lib/x86_64-linux-gnu/glib-2.0/include '
GLIB_LIBS='-lglib-2.0 '
GMSGFMT='/usr/bin/msgfmt'
GMSGFMT_015='/usr/bin/msgfmt'
GREP='/usr/bin/grep'
GTK_CFLAGS='-I/usr/include/gtk-3.0 -I/usr/include/pango-1.0 -I/usr/include/glib-2.0 -I/usr/lib/x86_64-linux-gnu/glib-2.0/include -I/usr/include/harfbuzz -I/usr/include/freetype2 -I/usr/include/libpng16 -I/usr/include/libmount -I/usr/include/blkid -I/usr/include/fribidi -I/usr/include/cairo -I/usr/include/pixman-1 -I/usr/include/gdk-pixbuf-2.0 -I/usr/include/x86_64-linux-gnu -I/usr/include/webp -I/usr/include/gio-unix-2.0 -I/usr/include/atk-1.0 -I/usr/include/at-spi2-atk/2.0 -I/usr/include/at-spi-2.0 -I/usr/include/dbus-1.0 -I/usr/lib/x86_64-linux-gnu/dbus-1.0/include -pthread '
GTK_FALSE='#'
GTK_LIBS='-lgtk-3 -lgdk-3 -lz -lpangocairo-1.0 -lpango-1.0 -lharfbuzz -latk-1.0 -lcairo-gobject -lcairo -lgdk_pixbuf-2.0 -lgio-2.0 -lgobject-2.0 -lglib-2.0 '
GTK_SOURCE_VIEW_CFLAGS='-I/usr/include/gtksourceview-4 -I/usr/include/glib-2.0 -I/usr/lib/x86_64-linux-gnu/glib-2.0/include -I/usr/include/libmount -I/usr/include/blkid -I/usr/include/gtk-3.0 -I/usr/include/pango-1.0 -I/usr/include/harfbuzz -I/usr/include/freetype2 -I/usr/include/libpng16 -I/usr/include/fribidi -I/usr/include/cairo -I/usr/include/pixman-1 -I/usr/include/gdk-pixbuf-2.0 -I/usr/include/x86_64-linux-gnu -I/usr/include/webp -I/usr/include/gio-unix-2.0 -I/usr/include/atk-1.0 -I/usr/include/at-spi2-atk/2.0 -I/usr/include/at-spi-2.0 -I/usr/include/dbus-1.0 -I/usr/lib/x86_64-linux-gnu/dbus-1.0/include -pthread -I/usr/include/libxml2 '
GTK_SOURCE_VIEW_LIBS='-lgtksourceview-4 -lgtk-3 -lgdk-3 -lz -lpangocairo-1.0 -lpango-1.0 -lharfbuzz -latk-1.0 -lcairo-gobject -lcairo -lgdk_pixbuf-2.0 -lgio-2.0 -lgobject-2.0 -lglib-2.0 '
GTK_TRUE=''
HAVE_APP_INDICATOR_FALSE=''
HAVE_APP_INDICATOR_TRUE='#'
HELP_DIR='xpad/help'
HELP_FILE_NAME='xpad-user-help.txt'
INSTALL_DATA='${INSTALL} -m 644'
INSTALL_PROGRAM='${INSTALL}'
INSTALL_SCRIPT='${INSTALL}'
INSTALL_STRIP_PROGRAM='$(install_sh) -c -s'
INTLLIBS=''
INTL_MACOSX_LIBS=''
LDFLAGS=''
LIBICONV='-liconv'
LIBINTL=''
LIBOBJS=''
LIBS=''
LOCALE_DIR='locale'
LTLIBICONV='-liconv'
LTLIBINTL=''
LTLIBOBJS=''
MAKEINFO='${SHELL} '\''/home/akd3070/Desktop/xpad/missing'\'' makeinfo'
MKDIR_P='/usr/bin/mkdir -p'
MSGFMT='/usr/bin/msgfmt'
MSGMERGE='/usr/bin/msgmerge'
MSGMERGE_FOR_MSGFMT_OPTION='--for-msgfmt'
OBJEXT='o'
PACKAGE='xpad'
PACKAGE_BUGREPORT='xpad-hackers@lists.launchpad.net'
PACKAGE_NAME='Xpad'
PACKAGE_STRING='Xpad 5.7'
PACKAGE_TARNAME='xpad'
PACKAGE_URL=''
PACKAGE_VERSION='5.7'
PANGO_CFLAGS='-I/usr/include/pango-1.0 -I/usr/include/glib-2.0 -I/usr/lib/x86_64-linux-gnu/glib-2.0/include -I/usr/include/harfbuzz -I/usr/include/freetype2 -I/usr/include/libpng16 -pthread -I/usr/include/libmount -I/usr/include/blkid -I/usr/include/fribidi -I/usr/include/cairo -I/usr/include/pixman-1 '
PANGO_LIBS='-lpango-1.0 -lgobject-2.0 -lglib-2.0 -lharfbuzz '
PATH_SEPARATOR=':'
PIXBUF_CFLAGS='-I/usr/include/gdk-pixbuf-2.0 -I/usr/include/glib-2.0 -I/usr/lib/x86_64-linux-gnu/glib-2.0/include -I/usr/include/libpng16 -I/usr/include/x86_64-linux-gnu -I/usr/include/webp -pthread -I/usr/include/libmount -I/usr/include/blkid '
PIXBUF_LIBS='-lgdk_pixbuf-2.0 -lgobject-2.0 -lglib-2.0 '
PKG_CONFIG='/usr/bin/pkg-config'
PKG_CONFIG_LIBDIR=''
PKG_CONFIG_PATH=''
POSUB='po'
SED='/usr/bin/sed'
SET_MAKE=''
SHELL='/bin/bash'
STRIP=''
THEME_DIR=''
USE_NLS='yes'
VERSION='5.7'
XGETTEXT='/usr/bin/xgettext'
XGETTEXT_015='/usr/bin/xgettext'
XGETTEXT_EXTRA_OPTIONS=''
XMKMF=''
X_CFLAGS=''
X_EXTRA_LIBS=''
X_LIBS=''
X_PRE_LIBS=' -lSM -lICE'
ac_ct_CC='gcc'
am__EXEEXT_FALSE=''
am__EXEEXT_TRUE='#'
am__fastdepCC_FALSE='#'
am__fastdepCC_TRUE=''
am__include='include'
am__isrc=''
am__leading_dot='.'
am__nodep='_no'
am__quote=''
am__tar='$${TAR-tar} chof - "$$tardir"'
am__untar='$${TAR-tar} xf -'
bindir='${exec_prefix}/bin'
build='x86_64-pc-linux-gnu'
build_alias=''
build_cpu='x86_64'
build_os='linux-gnu'
build_vendor='pc'
datadir='${datarootdir}'
datarootdir='${prefix}/share'
docdir='${datarootdir}/doc/${PACKAGE_TARNAME}'
dvidir='${docdir}'
exec_prefix='${prefix}'
host='x86_64-pc-linux-gnu'
host_alias=''
host_cpu='x86_64'
host_os='linux-gnu'
host_vendor='pc'
htmldir='${docdir}'
includedir='${prefix}/include'
infodir='${datarootdir}/info'
install_sh='${SHELL} /home/akd3070/Desktop/xpad/install-sh'
libdir='${exec_prefix}/lib'
libexecdir='${exec_prefix}/libexec'
localedir='${datarootdir}/locale'
localstatedir='${prefix}/var'
mandir='${datarootdir}/man'
mkdir_p='$(MKDIR_P)'
oldincludedir='/usr/include'
pdfdir='${docdir}'
prefix='/usr/local'
program_transform_name='s,x,x,'
psdir='${docdir}'
runstatedir='${localstatedir}/run'
sbindir='${exec_prefix}/sbin'
sharedstatedir='${prefix}/com'
sysconfdir='${prefix}/etc'
target_alias=''

## ----------- ##
## confdefs.h. ##
## ----------- ##

/* confdefs.h */
#define PACKAGE_NAME "Xpad"
#define PACKAGE_TARNAME "xpad"
#define PACKAGE_VERSION "5.7"
#define PACKAGE_STRING "Xpad 5.7"
#define PACKAGE_BUGREPORT "xpad-hackers@lists.launchpad.net"
#define PACKAGE_URL ""
#define HAVE_STDIO_H 1
#define HAVE_STDLIB_H 1
#define HAVE_STRING_H 1
#define HAVE_INTTYPES_H 1
#define HAVE_STDINT_H 1
#define HAVE_STRINGS_H 1
#define HAVE_SYS_STAT_H 1
#define HAVE_SYS_TYPES_H 1
#define HAVE_UNISTD_H 1
#define HAVE_WCHAR_H 1
#define STDC_HEADERS 1
#define _ALL_SOURCE 1
#define _DARWIN_C_SOURCE 1
#define _GNU_SOURCE 1
#define _HPUX_ALT_XOPEN_SOCKET_API 1
#define _NETBSD_SOURCE 1
#define _OPENBSD_SOURCE 1
#define _POSIX_PTHREAD_SEMANTICS 1
#define __STDC_WANT_IEC_60559_ATTRIBS_EXT__ 1
#define __STDC_WANT_IEC_60559_BFP_EXT__ 1
#define __STDC_WANT_IEC_60559_DFP_EXT__ 1
#define __STDC_WANT_IEC_60559_FUNCS_EXT__ 1
#define __STDC_WANT_IEC_60559_TYPES_EXT__ 1
#define __STDC_WANT_LIB_EXT2__ 1
#define __STDC_WANT_MATH_SPEC_FUNCS__ 1
#define _TANDEM_SOURCE 1
#define __EXTENSIONS__ 1
#define PACKAGE "xpad"
#define VERSION "5.7"
#define ENABLE_NLS 1
#define HAVE_GETTEXT 1
#define HAVE_DCGETTEXT 1
#define GETTEXT_PACKAGE "xpad"

configure: exit 0
